Using pre-set license
Built from '2020.2/staging' branch; Version is '2020.2.3f1 (8ff31bc5bf5b) revision 9433883'; Using compiler version '192528614'; Build Type 'Release'
OS: 'Windows 10 Pro; OS build 18363.1316; Version 1909; 64bit' Language: 'en' Physical Memory: 16334 MB
BatchMode: 1, IsHumanControllingUs: 0, StartBugReporterOnCrash: 0, Is64bit: 1, IsPro: 0

 COMMAND LINE ARGUMENTS:
C:\Program Files\Unity\Hub\Editor\2020.2.3f1\Editor\Unity.exe
-adb2
-batchMode
-noUpm
-name
AssetImportWorker0
-projectPath
C:/Users/Bryan/Documents/Courses/GE2-2020-2021/Game Engines 2 Examples 2021
-logFile
Logs/AssetImportWorker0.log
-srvPort
50805
Successfully changed project path to: C:/Users/Bryan/Documents/Courses/GE2-2020-2021/Game Engines 2 Examples 2021
C:/Users/Bryan/Documents/Courses/GE2-2020-2021/Game Engines 2 Examples 2021
Using Asset Import Pipeline V2.
Refreshing native plugins compatible for Editor in 64.17 ms, found 0 plugins.
Preloading 0 native plugins for Editor in 0.00 ms.
Initialize engine version: 2020.2.3f1 (8ff31bc5bf5b)
[Subsystems] Discovering subsystems at path C:/Program Files/Unity/Hub/Editor/2020.2.3f1/Editor/Data/Resources/UnitySubsystems
[Subsystems] Discovering subsystems at path C:/Users/Bryan/Documents/Courses/GE2-2020-2021/Game Engines 2 Examples 2021/Assets
GfxDevice: creating device client; threaded=0
Direct3D:
    Version:  Direct3D 11.0 [level 11.1]
    Renderer: NVIDIA GeForce RTX 2070 (ID=0x1f07)
    Vendor:   
    VRAM:     8031 MB
    Driver:   27.21.14.5671
Initialize mono
Mono path[0] = 'C:/Program Files/Unity/Hub/Editor/2020.2.3f1/Editor/Data/Managed'
Mono path[1] = 'C:/Program Files/Unity/Hub/Editor/2020.2.3f1/Editor/Data/MonoBleedingEdge/lib/mono/unityjit'
Mono config path = 'C:/Program Files/Unity/Hub/Editor/2020.2.3f1/Editor/Data/MonoBleedingEdge/etc'
Using monoOptions --debugger-agent=transport=dt_socket,embedding=1,server=y,suspend=n,address=127.0.0.1:56080
Begin MonoManager ReloadAssembly
Registering precompiled unity dll's ...
Register platform support module: C:/Program Files/Unity/Hub/Editor/2020.2.3f1/Editor/Data/PlaybackEngines/WindowsStandaloneSupport/UnityEditor.WindowsStandalone.Extensions.dll
Registered in 0.002542 seconds.
Native extension for WindowsStandalone target not found
Refreshing native plugins compatible for Editor in 39.02 ms, found 0 plugins.
Preloading 0 native plugins for Editor in 0.00 ms.
Invoked RoslynAnalysisRunner static constructor.
RoslynAnalysisRunner will not be running.
RoslynAnalysisRunner has terminated.
Mono: successfully reloaded assembly
- Completed reload, in  2.217 seconds
Platform modules already initialized, skipping
Registering precompiled user dll's ...
Registered in 0.002445 seconds.
Begin MonoManager ReloadAssembly
Native extension for WindowsStandalone target not found
Refreshing native plugins compatible for Editor in 0.42 ms, found 0 plugins.
Preloading 0 native plugins for Editor in 0.00 ms.
Invoked RoslynAnalysisRunner static constructor.
RoslynAnalysisRunner will not be running.
RoslynAnalysisRunner has terminated.
Mono: successfully reloaded assembly
- Completed reload, in  0.953 seconds
Platform modules already initialized, skipping
========================================================================
Worker process is ready to serve import requests
Launched and connected shader compiler UnityShaderCompiler.exe after 0.04 seconds
Refreshing native plugins compatible for Editor in 0.55 ms, found 0 plugins.
Preloading 0 native plugins for Editor in 0.00 ms.
Unloading 1376 Unused Serialized files (Serialized files now loaded: 0)
System memory in use before: 64.3 MB.
System memory in use after: 64.4 MB.

Unloading 33 unused Assets to reduce memory usage. Loaded Objects now: 1805.
Total: 2.323900 ms (FindLiveObjects: 0.136300 ms CreateObjectMapping: 0.047100 ms MarkObjects: 2.040600 ms  DeleteObjects: 0.098500 ms)

========================================================================
Received Import Request.
  path: Assets/Grey.mat
  artifactKey: Guid(bbcbfa2bce4e6124f8489fa65b7ee73a) Importer(815301076,1909f56bfc062723c751e8b465ee728b)
Start importing Assets/Grey.mat using Guid(bbcbfa2bce4e6124f8489fa65b7ee73a) Importer(815301076,1909f56bfc062723c751e8b465ee728b)  -> (artifact id: 'bc407acb64a5f6d44ce8f0999b12c9ab') in 0.379790 seconds
  Import took 0.382058 seconds .

========================================================================
Received Import Request.
  Time since last request: 0.003634 seconds.
  path: Assets/Green.mat
  artifactKey: Guid(eb0332c136a05ef46a93eb918a33f9fb) Importer(815301076,1909f56bfc062723c751e8b465ee728b)
Start importing Assets/Green.mat using Guid(eb0332c136a05ef46a93eb918a33f9fb) Importer(815301076,1909f56bfc062723c751e8b465ee728b)  -> (artifact id: '1d32418af35c0e20b118c8d13e7995cb') in 0.025062 seconds
  Import took 0.027710 seconds .

========================================================================
Received Import Request.
  Time since last request: 0.000189 seconds.
  path: Assets/Red.mat
  artifactKey: Guid(843f6d1cfb3e400488d39e6cdbf16ca6) Importer(815301076,1909f56bfc062723c751e8b465ee728b)
Start importing Assets/Red.mat using Guid(843f6d1cfb3e400488d39e6cdbf16ca6) Importer(815301076,1909f56bfc062723c751e8b465ee728b)  -> (artifact id: '7abd4a9d147e70c2d7f85b85a31e337e') in 0.021166 seconds
  Import took 0.024064 seconds .

========================================================================
Received Import Request.
  Time since last request: 0.000154 seconds.
  path: Assets/Blue.mat
  artifactKey: Guid(075238fde891a204ca8b06cb5214ac69) Importer(815301076,1909f56bfc062723c751e8b465ee728b)
Start importing Assets/Blue.mat using Guid(075238fde891a204ca8b06cb5214ac69) Importer(815301076,1909f56bfc062723c751e8b465ee728b)  -> (artifact id: '325a2aa8aa3746640fa4cad45ee58660') in 0.019763 seconds
  Import took 0.022263 seconds .

========================================================================
Received Import Request.
  Time since last request: 0.002195 seconds.
  path: Assets/Blue.mat
  artifactKey: Guid(075238fde891a204ca8b06cb5214ac69) Importer(815301076,1909f56bfc062723c751e8b465ee728b)
Start importing Assets/Blue.mat using Guid(075238fde891a204ca8b06cb5214ac69) Importer(815301076,1909f56bfc062723c751e8b465ee728b)  -> (artifact id: '325a2aa8aa3746640fa4cad45ee58660') in 0.015251 seconds
  Import took 0.018979 seconds .

========================================================================
Received Prepare
Refreshing native plugins compatible for Editor in 13.55 ms, found 0 plugins.
Preloading 0 native plugins for Editor in 0.00 ms.
Unloading 22 Unused Serialized files (Serialized files now loaded: 0)
System memory in use before: 40.4 MB.
System memory in use after: 40.5 MB.

Unloading 22 unused Assets to reduce memory usage. Loaded Objects now: 1845.
Total: 36.512800 ms (FindLiveObjects: 0.313600 ms CreateObjectMapping: 0.100300 ms MarkObjects: 36.060800 ms  DeleteObjects: 0.036100 ms)

AssetImportWorkerClient::OnTransportError - code=2 error=End of file
